<?xml version="1.0" encoding="UTF-8"?>
<!-- Generated by org.testng.reporters.JUnitReportReporter -->
<testsuite hostname="EC2AMAZ-CS00R8Q" failures="0" tests="10" name="tests.ProductTest" time="35.283" errors="0" timestamp="2025-07-22T04:29:12 UTC" skipped="0">
  <testcase classname="tests.ProductTest" name="verifyCartBadgeCount" time="3.869"/>
  <system-out/>
  <testcase classname="tests.ProductTest" name="sortByPriceLowToHigh" time="3.249"/>
  <system-out/>
  <testcase classname="tests.ProductTest" name="sortByNameAZ" time="3.665"/>
  <system-out/>
  <testcase classname="tests.ProductTest" name="sortByNameZA" time="3.109"/>
  <system-out/>
  <testcase classname="tests.ProductTest" name="sortByPriceHighToLow" time="3.608"/>
  <system-out/>
  <testcase classname="tests.ProductTest" name="addAllProductsToCart" time="3.163"/>
  <system-out/>
  <testcase classname="tests.ProductTest" name="openProductDetails" time="3.592"/>
  <system-out/>
  <testcase classname="tests.ProductTest" name="verifyPageTitle" time="3.342"/>
  <system-out/>
  <testcase classname="tests.ProductTest" name="removeProductFromCart" time="3.617"/>
  <system-out/>
  <testcase classname="tests.ProductTest" name="addSingleProductToCart" time="4.069"/>
  <system-out/>
</testsuite> <!-- tests.ProductTest -->
