<?xml version="1.0" encoding="UTF-8"?>
<!-- Generated by org.testng.reporters.JUnitReportReporter -->
<testsuite hostname="EC2AMAZ-CS00R8Q" failures="0" tests="10" name="tests.LoginTest" time="61.151" errors="0" timestamp="2025-07-21T04:06:54 UTC" skipped="0">
  <testcase classname="tests.LoginTest" name="emptyUsername" time="3.774"/>
  <system-out/>
  <testcase classname="tests.LoginTest" name="invalidUsername" time="3.155"/>
  <system-out/>
  <testcase classname="tests.LoginTest" name="bothInvalid" time="3.501"/>
  <system-out/>
  <testcase classname="tests.LoginTest" name="problemUserLogin" time="3.393"/>
  <system-out/>
  <testcase classname="tests.LoginTest" name="validLogin" time="3.731"/>
  <system-out/>
  <testcase classname="tests.LoginTest" name="invalidPassword" time="3.619"/>
  <system-out/>
  <testcase classname="tests.LoginTest" name="usernameCaseSensitivity" time="3.569"/>
  <system-out/>
  <testcase classname="tests.LoginTest" name="emptyBothFields" time="3.753"/>
  <system-out/>
  <testcase classname="tests.LoginTest" name="lockedOutUser" time="29.177"/>
  <system-out/>
  <testcase classname="tests.LoginTest" name="emptyPassword" time="3.479"/>
  <system-out/>
</testsuite> <!-- tests.LoginTest -->
