<?xml version="1.0" encoding="UTF-8"?>
<!-- Generated by org.testng.reporters.JUnitReportReporter -->
<testsuite hostname="EC2AMAZ-CS00R8Q" failures="0" tests="10" name="tests.LoginTest" time="33.509" errors="0" timestamp="2025-07-22T04:29:12 UTC" skipped="0">
  <testcase classname="tests.LoginTest" name="emptyUsername" time="2.520"/>
  <system-out/>
  <testcase classname="tests.LoginTest" name="usernameCaseSensitivity" time="3.498"/>
  <system-out/>
  <testcase classname="tests.LoginTest" name="problemUserLogin" time="3.411"/>
  <system-out/>
  <testcase classname="tests.LoginTest" name="invalidUsername" time="3.360"/>
  <system-out/>
  <testcase classname="tests.LoginTest" name="invalidPassword" time="4.909"/>
  <system-out/>
  <testcase classname="tests.LoginTest" name="bothInvalid" time="3.204"/>
  <system-out/>
  <testcase classname="tests.LoginTest" name="emptyBothFields" time="2.654"/>
  <system-out/>
  <testcase classname="tests.LoginTest" name="lockedOutUser" time="3.097"/>
  <system-out/>
  <testcase classname="tests.LoginTest" name="validLogin" time="3.350"/>
  <system-out/>
  <testcase classname="tests.LoginTest" name="emptyPassword" time="3.506"/>
  <system-out/>
</testsuite> <!-- tests.LoginTest -->
