<?xml version="1.0" encoding="UTF-8"?>
<!-- Generated by org.testng.reporters.JUnitReportReporter -->
<testsuite hostname="EC2AMAZ-CS00R8Q" failures="0" tests="7" name="tests.ProductUITest" time="23.271" errors="0" timestamp="2025-07-22T04:29:12 UTC" skipped="0">
  <testcase classname="tests.ProductUITest" name="validateImagesLoaded" time="2.755"/>
  <system-out/>
  <testcase classname="tests.ProductUITest" name="checkFontSizeOfProductTitle" time="3.434"/>
  <system-out/>
  <testcase classname="tests.ProductUITest" name="verifyInputSanitizationInCheckout" time="4.140"/>
  <system-out/>
  <testcase classname="tests.ProductUITest" name="checkPageTitleText" time="3.455"/>
  <system-out/>
  <testcase classname="tests.ProductUITest" name="verifyLogoIsVisible" time="3.467"/>
  <system-out/>
  <testcase classname="tests.ProductUITest" name="scrollToBottomAndVerifyFooter" time="3.374"/>
  <system-out/>
  <testcase classname="tests.ProductUITest" name="checkPriceColor" time="2.646"/>
  <system-out/>
</testsuite> <!-- tests.ProductUITest -->
