<?xml version="1.0" encoding="UTF-8"?>
<!-- Generated by org.testng.reporters.JUnitReportReporter -->
<testsuite hostname="EC2AMAZ-CS00R8Q" failures="0" tests="11" name="tests.CartTest" time="0.009" errors="2" timestamp="2025-07-22T04:29:12 UTC" skipped="9">
  <testcase classname="tests.CartTest" name="badgeCountMatchesCartItems" time="0.000">
    <skipped/>
  </testcase> <!-- badgeCountMatchesCartItems -->
  <system-out/>
  <testcase classname="tests.CartTest" name="cartPageWithoutAddingItems" time="0.000">
    <skipped/>
  </testcase> <!-- cartPageWithoutAddingItems -->
  <system-out/>
  <testcase classname="tests.CartTest" name="verifyProductNameInCart" time="0.000">
    <skipped/>
  </testcase> <!-- verifyProductNameInCart -->
  <system-out/>
  <testcase classname="tests.CartTest" name="freshLoginHasEmptyCart" time="0.000">
    <skipped/>
  </testcase> <!-- freshLoginHasEmptyCart -->
  <system-out/>
  <testcase classname="tests.CartTest" name="addProductAndVerifyInCart" time="0.000">
    <skipped/>
  </testcase> <!-- addProductAndVerifyInCart -->
  <system-out/>
  <testcase classname="tests.CartTest" name="tearDown" time="0.002">
    <error message="Cannot invoke &quot;org.openqa.selenium.WebDriver.quit()&quot; because &quot;this.driver&quot; is null" type="java.lang.NullPointerException">
      <![CDATA[java.lang.NullPointerException: Cannot invoke "org.openqa.selenium.WebDriver.quit()" because "this.driver" is null
at tests.CartTest.tearDown(CartTest.java:120)
at java.base/jdk.internal.reflect.DirectMethodHandleAccessor.invoke(DirectMethodHandleAccessor.java:103)
at java.base/java.lang.reflect.Method.invoke(Method.java:580)
at org.testng.internal.MethodInvocationHelper.invokeMethod(MethodInvocationHelper.java:133)
at org.testng.internal.MethodInvocationHelper.invokeMethodConsideringTimeout(MethodInvocationHelper.java:62)
at org.testng.internal.ConfigInvoker.invokeConfigurationMethod(ConfigInvoker.java:385)
at org.testng.internal.ConfigInvoker.invokeConfigurations(ConfigInvoker.java:321)
at org.testng.internal.TestInvoker.runConfigMethods(TestInvoker.java:700)
at org.testng.internal.TestInvoker.runAfterGroupsConfigurations(TestInvoker.java:676)
at org.testng.internal.TestInvoker.invokeMethod(TestInvoker.java:660)
at org.testng.internal.TestInvoker.invokeTestMethod(TestInvoker.java:173)
at org.testng.internal.MethodRunner.runInSequence(MethodRunner.java:46)
at org.testng.internal.TestInvoker$MethodInvocationAgent.invoke(TestInvoker.java:824)
at org.testng.internal.TestInvoker.invokeTestMethods(TestInvoker.java:146)
at org.testng.internal.TestMethodWorker.invokeTestMethods(TestMethodWorker.java:146)
at org.testng.internal.TestMethodWorker.run(TestMethodWorker.java:128)
at java.base/java.util.ArrayList.forEach(ArrayList.java:1596)
at org.testng.TestRunner.privateRun(TestRunner.java:794)
at org.testng.TestRunner.run(TestRunner.java:596)
at org.testng.SuiteRunner.runTest(SuiteRunner.java:377)
at org.testng.SuiteRunner.runSequentially(SuiteRunner.java:371)
at org.testng.SuiteRunner.privateRun(SuiteRunner.java:332)
at org.testng.SuiteRunner.run(SuiteRunner.java:276)
at org.testng.SuiteRunnerWorker.runSuite(SuiteRunnerWorker.java:53)
at org.testng.SuiteRunnerWorker.run(SuiteRunnerWorker.java:96)
at org.testng.TestNG.runSuitesSequentially(TestNG.java:1212)
at org.testng.TestNG.runSuitesLocally(TestNG.java:1134)
at org.testng.TestNG.runSuites(TestNG.java:1063)
at org.testng.TestNG.run(TestNG.java:1031)
at org.testng.remote.AbstractRemoteTestNG.run(AbstractRemoteTestNG.java:115)
at org.testng.remote.RemoteTestNG.initAndRun(RemoteTestNG.java:251)
at org.testng.remote.RemoteTestNG.main(RemoteTestNG.java:77)
]]>
    </error>
  </testcase> <!-- tearDown -->
  <system-out/>
  <testcase classname="tests.CartTest" name="addMultipleItemsToCartAndVerify" time="0.007">
    <error message="Cannot invoke &quot;pages.ProductPage.addProductByIndex(int)&quot; because &quot;this.productPage&quot; is null" type="java.lang.NullPointerException">
      <![CDATA[java.lang.NullPointerException: Cannot invoke "pages.ProductPage.addProductByIndex(int)" because "this.productPage" is null
at tests.CartTest.addMultipleItemsToCartAndVerify(CartTest.java:90)
at java.base/jdk.internal.reflect.DirectMethodHandleAccessor.invoke(DirectMethodHandleAccessor.java:103)
at java.base/java.lang.reflect.Method.invoke(Method.java:580)
at org.testng.internal.MethodInvocationHelper.invokeMethod(MethodInvocationHelper.java:133)
at org.testng.internal.TestInvoker.invokeMethod(TestInvoker.java:598)
at org.testng.internal.TestInvoker.invokeTestMethod(TestInvoker.java:173)
at org.testng.internal.MethodRunner.runInSequence(MethodRunner.java:46)
at org.testng.internal.TestInvoker$MethodInvocationAgent.invoke(TestInvoker.java:824)
at org.testng.internal.TestInvoker.invokeTestMethods(TestInvoker.java:146)
at org.testng.internal.TestMethodWorker.invokeTestMethods(TestMethodWorker.java:146)
at org.testng.internal.TestMethodWorker.run(TestMethodWorker.java:128)
at java.base/java.util.ArrayList.forEach(ArrayList.java:1596)
at org.testng.TestRunner.privateRun(TestRunner.java:794)
at org.testng.TestRunner.run(TestRunner.java:596)
at org.testng.SuiteRunner.runTest(SuiteRunner.java:377)
at org.testng.SuiteRunner.runSequentially(SuiteRunner.java:371)
at org.testng.SuiteRunner.privateRun(SuiteRunner.java:332)
at org.testng.SuiteRunner.run(SuiteRunner.java:276)
at org.testng.SuiteRunnerWorker.runSuite(SuiteRunnerWorker.java:53)
at org.testng.SuiteRunnerWorker.run(SuiteRunnerWorker.java:96)
at org.testng.TestNG.runSuitesSequentially(TestNG.java:1212)
at org.testng.TestNG.runSuitesLocally(TestNG.java:1134)
at org.testng.TestNG.runSuites(TestNG.java:1063)
at org.testng.TestNG.run(TestNG.java:1031)
at org.testng.remote.AbstractRemoteTestNG.run(AbstractRemoteTestNG.java:115)
at org.testng.remote.RemoteTestNG.initAndRun(RemoteTestNG.java:251)
at org.testng.remote.RemoteTestNG.main(RemoteTestNG.java:77)
]]>
    </error>
  </testcase> <!-- addMultipleItemsToCartAndVerify -->
  <system-out/>
  <testcase classname="tests.CartTest" name="checkoutButtonNavigatesToCheckoutStepOne" time="0.000">
    <skipped/>
  </testcase> <!-- checkoutButtonNavigatesToCheckoutStepOne -->
  <system-out/>
  <testcase classname="tests.CartTest" name="verifyProductPriceInCart" time="0.000">
    <skipped/>
  </testcase> <!-- verifyProductPriceInCart -->
  <system-out/>
  <testcase classname="tests.CartTest" name="continueShoppingReturnsToProducts" time="0.000">
    <skipped/>
  </testcase> <!-- continueShoppingReturnsToProducts -->
  <system-out/>
  <testcase classname="tests.CartTest" name="removeItemFromCartPage" time="0.000">
    <skipped/>
  </testcase> <!-- removeItemFromCartPage -->
  <system-out/>
</testsuite> <!-- tests.CartTest -->
