<?xml version="1.0" encoding="UTF-8"?>
<!-- Generated by org.testng.reporters.JUnitReportReporter -->
<testsuite hostname="EC2AMAZ-CS00R8Q" failures="0" tests="10" name="tests.LoginTest" time="55.866" errors="0" timestamp="2025-07-20T09:39:50 UTC" skipped="0">
  <testcase classname="tests.LoginTest" name="invalidPassword" time="4.424"/>
  <system-out/>
  <testcase classname="tests.LoginTest" name="validLogin" time="3.826"/>
  <system-out/>
  <testcase classname="tests.LoginTest" name="emptyPassword" time="4.240"/>
  <system-out/>
  <testcase classname="tests.LoginTest" name="invalidUsername" time="3.327"/>
  <system-out/>
  <testcase classname="tests.LoginTest" name="lockedOutUser" time="3.919"/>
  <system-out/>
  <testcase classname="tests.LoginTest" name="problemUserLogin" time="20.436"/>
  <system-out/>
  <testcase classname="tests.LoginTest" name="emptyUsername" time="3.661"/>
  <system-out/>
  <testcase classname="tests.LoginTest" name="usernameCaseSensitivity" time="4.200"/>
  <system-out/>
  <testcase classname="tests.LoginTest" name="emptyBothFields" time="3.671"/>
  <system-out/>
  <testcase classname="tests.LoginTest" name="bothInvalid" time="4.162"/>
  <system-out/>
</testsuite> <!-- tests.LoginTest -->
